2016-10-09 16:38:58,706 [main] WARN  NativeCodeLoader - Unable to load native-hadoop library for your platform... using builtin-java classes where applicable
2016-10-09 16:38:59,249 [main] INFO  SecurityManager - Changing view acls to: ubuntu
2016-10-09 16:38:59,254 [main] INFO  SecurityManager - Changing modify acls to: ubuntu
2016-10-09 16:38:59,255 [main] INFO  SecurityManager - SecurityManager: authentication disabled; ui acls disabled; users with view permissions: Set(ubuntu); users with modify permissions: Set(ubuntu)
2016-10-09 16:38:59,853 [main] INFO  HttpServer - Starting HTTP Server
2016-10-09 16:38:59,964 [main] INFO  Server - jetty-8.y.z-SNAPSHOT
2016-10-09 16:38:59,997 [main] INFO  AbstractConnector - Started SocketConnector@0.0.0.0:42004
2016-10-09 16:38:59,999 [main] INFO  Utils - Successfully started service 'HTTP class server' on port 42004.
Welcome to
      ____              __
     / __/__  ___ _____/ /__
    _\ \/ _ \/ _ `/ __/  '_/
   /___/ .__/\_,_/_/ /_/\_\   version 1.6.1
      /_/

Using Scala version 2.10.5 (Java HotSpot(TM) 64-Bit Server VM, Java 1.8.0_91)
Type in expressions to have them evaluated.
Type :help for more information.
2016-10-09 16:39:04,579 [main] WARN  Utils - Your hostname, compute-canada-will-accidentally-delete-this resolves to a loopback address: 127.0.0.1; using 192.168.32.16 instead (on interface eth0)
2016-10-09 16:39:04,579 [main] WARN  Utils - Set SPARK_LOCAL_IP if you need to bind to another address
2016-10-09 16:39:04,597 [main] INFO  SparkContext - Running Spark version 1.6.1
2016-10-09 16:39:04,664 [main] INFO  SecurityManager - Changing view acls to: ubuntu
2016-10-09 16:39:04,664 [main] INFO  SecurityManager - Changing modify acls to: ubuntu
2016-10-09 16:39:04,664 [main] INFO  SecurityManager - SecurityManager: authentication disabled; ui acls disabled; users with view permissions: Set(ubuntu); users with modify permissions: Set(ubuntu)
2016-10-09 16:39:05,076 [main] INFO  Utils - Successfully started service 'sparkDriver' on port 59586.
2016-10-09 16:39:05,604 [sparkDriverActorSystem-akka.actor.default-dispatcher-4] INFO  Slf4jLogger - Slf4jLogger started
2016-10-09 16:39:05,685 [sparkDriverActorSystem-akka.actor.default-dispatcher-4] INFO  Remoting - Starting remoting
2016-10-09 16:39:05,886 [sparkDriverActorSystem-akka.actor.default-dispatcher-2] INFO  Remoting - Remoting started; listening on addresses :[akka.tcp://sparkDriverActorSystem@192.168.32.16:53410]
2016-10-09 16:39:05,892 [main] INFO  Utils - Successfully started service 'sparkDriverActorSystem' on port 53410.
2016-10-09 16:39:05,908 [main] INFO  SparkEnv - Registering MapOutputTracker
2016-10-09 16:39:05,949 [main] INFO  SparkEnv - Registering BlockManagerMaster
2016-10-09 16:39:05,970 [main] INFO  DiskBlockManager - Created local directory at /tmp/blockmgr-9a6fba7f-690c-40e4-b4e8-57b006e90d9d
2016-10-09 16:39:05,990 [main] INFO  MemoryStore - MemoryStore started with capacity 39.3 GB
2016-10-09 16:39:06,060 [main] INFO  SparkEnv - Registering OutputCommitCoordinator
2016-10-09 16:39:06,278 [main] INFO  Server - jetty-8.y.z-SNAPSHOT
2016-10-09 16:39:06,293 [main] INFO  AbstractConnector - Started SelectChannelConnector@0.0.0.0:4040
2016-10-09 16:39:06,294 [main] INFO  Utils - Successfully started service 'SparkUI' on port 4040.
2016-10-09 16:39:06,301 [main] INFO  SparkUI - Started SparkUI at http://192.168.32.16:4040
2016-10-09 16:39:06,339 [main] INFO  HttpFileServer - HTTP File server directory is /tmp/spark-b83e7e87-9e01-4b4c-97c5-328861a450aa/httpd-61fd431f-d610-429a-b418-ff25ced794ae
2016-10-09 16:39:06,339 [main] INFO  HttpServer - Starting HTTP Server
2016-10-09 16:39:06,340 [main] INFO  Server - jetty-8.y.z-SNAPSHOT
2016-10-09 16:39:06,344 [main] INFO  AbstractConnector - Started SocketConnector@0.0.0.0:54290
2016-10-09 16:39:06,344 [main] INFO  Utils - Successfully started service 'HTTP file server' on port 54290.
2016-10-09 16:39:07,844 [main] INFO  SparkContext - Added JAR file:/home/ubuntu/project/warcbase/warcbase-core/target/warcbase-core-0.1.0-SNAPSHOT-fatjar.jar at http://192.168.32.16:54290/jars/warcbase-core-0.1.0-SNAPSHOT-fatjar.jar with timestamp 1476031147843
2016-10-09 16:39:08,007 [main] INFO  Executor - Starting executor ID driver on host localhost
2016-10-09 16:39:08,030 [main] INFO  Executor - Using REPL class URI: http://192.168.32.16:42004
2016-10-09 16:39:08,053 [main] INFO  Utils - Successfully started service 'org.apache.spark.network.netty.NettyBlockTransferService' on port 40174.
2016-10-09 16:39:08,054 [main] INFO  NettyBlockTransferService - Server created on 40174
2016-10-09 16:39:08,055 [main] INFO  BlockManagerMaster - Trying to register BlockManager
2016-10-09 16:39:08,061 [dispatcher-event-loop-10] INFO  BlockManagerMasterEndpoint - Registering block manager localhost:40174 with 39.3 GB RAM, BlockManagerId(driver, localhost, 40174)
2016-10-09 16:39:08,063 [main] INFO  BlockManagerMaster - Registered BlockManager
2016-10-09 16:39:08,285 [main] INFO  SparkILoop - Created spark context..
Spark context available as sc.
2016-10-09 16:39:09,528 [main] INFO  HiveContext - Initializing execution hive, version 1.2.1
2016-10-09 16:39:09,643 [main] INFO  ClientWrapper - Inspected Hadoop version: 2.6.0
2016-10-09 16:39:09,643 [main] INFO  ClientWrapper - Loaded org.apache.hadoop.hive.shims.Hadoop23Shims for Hadoop version 2.6.0
2016-10-09 16:39:10,214 [main] INFO  HiveMetaStore - 0: Opening raw store with implemenation class:org.apache.hadoop.hive.metastore.ObjectStore
2016-10-09 16:39:10,260 [main] INFO  ObjectStore - ObjectStore, initialize called
2016-10-09 16:39:10,563 [main] INFO  Persistence - Property hive.metastore.integral.jdo.pushdown unknown - will be ignored
2016-10-09 16:39:10,563 [main] INFO  Persistence - Property datanucleus.cache.level2 unknown - will be ignored
2016-10-09 16:39:17,112 [main] INFO  ObjectStore - Setting MetaStore object pin classes with hive.metastore.cache.pinobjtypes="Table,StorageDescriptor,SerDeInfo,Partition,Database,Type,FieldSchema,Order"
2016-10-09 16:39:18,193 [main] INFO  Datastore - The class "org.apache.hadoop.hive.metastore.model.MFieldSchema" is tagged as "embedded-only" so does not have its own datastore table.
2016-10-09 16:39:18,193 [main] INFO  Datastore - The class "org.apache.hadoop.hive.metastore.model.MOrder" is tagged as "embedded-only" so does not have its own datastore table.
2016-10-09 16:39:22,257 [main] INFO  Datastore - The class "org.apache.hadoop.hive.metastore.model.MFieldSchema" is tagged as "embedded-only" so does not have its own datastore table.
2016-10-09 16:39:22,257 [main] INFO  Datastore - The class "org.apache.hadoop.hive.metastore.model.MOrder" is tagged as "embedded-only" so does not have its own datastore table.
2016-10-09 16:39:23,377 [main] INFO  MetaStoreDirectSql - Using direct SQL, underlying DB is DERBY
2016-10-09 16:39:23,404 [main] INFO  ObjectStore - Initialized ObjectStore
2016-10-09 16:39:23,697 [main] WARN  ObjectStore - Version information not found in metastore. hive.metastore.schema.verification is not enabled so recording the schema version 1.2.0
2016-10-09 16:39:23,948 [main] WARN  ObjectStore - Failed to get database default, returning NoSuchObjectException
2016-10-09 16:39:24,477 [main] INFO  HiveMetaStore - Added admin role in metastore
2016-10-09 16:39:24,485 [main] INFO  HiveMetaStore - Added public role in metastore
2016-10-09 16:39:24,769 [main] INFO  HiveMetaStore - No user is added in admin role, since config is empty
2016-10-09 16:39:24,886 [main] INFO  HiveMetaStore - 0: get_all_databases
2016-10-09 16:39:24,896 [main] INFO  audit - ugi=ubuntu	ip=unknown-ip-addr	cmd=get_all_databases	
2016-10-09 16:39:24,921 [main] INFO  HiveMetaStore - 0: get_functions: db=default pat=*
2016-10-09 16:39:24,922 [main] INFO  audit - ugi=ubuntu	ip=unknown-ip-addr	cmd=get_functions: db=default pat=*	
2016-10-09 16:39:24,923 [main] INFO  Datastore - The class "org.apache.hadoop.hive.metastore.model.MResourceUri" is tagged as "embedded-only" so does not have its own datastore table.
2016-10-09 16:39:25,952 [main] INFO  SessionState - Created local directory: /tmp/a27ee9ef-0cd2-4c12-bb3c-1dd711b02a66_resources
2016-10-09 16:39:25,960 [main] INFO  SessionState - Created HDFS directory: /tmp/hive/ubuntu/a27ee9ef-0cd2-4c12-bb3c-1dd711b02a66
2016-10-09 16:39:25,965 [main] INFO  SessionState - Created local directory: /tmp/ubuntu/a27ee9ef-0cd2-4c12-bb3c-1dd711b02a66
2016-10-09 16:39:25,969 [main] INFO  SessionState - Created HDFS directory: /tmp/hive/ubuntu/a27ee9ef-0cd2-4c12-bb3c-1dd711b02a66/_tmp_space.db
2016-10-09 16:39:26,150 [main] INFO  HiveContext - default warehouse location is /user/hive/warehouse
2016-10-09 16:39:26,160 [main] INFO  HiveContext - Initializing HiveMetastoreConnection version 1.2.1 using Spark classes.
2016-10-09 16:39:26,177 [main] INFO  ClientWrapper - Inspected Hadoop version: 2.6.0
2016-10-09 16:39:26,193 [main] INFO  ClientWrapper - Loaded org.apache.hadoop.hive.shims.Hadoop23Shims for Hadoop version 2.6.0
2016-10-09 16:39:26,680 [main] INFO  HiveMetaStore - 0: Opening raw store with implemenation class:org.apache.hadoop.hive.metastore.ObjectStore
2016-10-09 16:39:26,704 [main] INFO  ObjectStore - ObjectStore, initialize called
2016-10-09 16:39:26,835 [main] INFO  Persistence - Property hive.metastore.integral.jdo.pushdown unknown - will be ignored
2016-10-09 16:39:26,835 [main] INFO  Persistence - Property datanucleus.cache.level2 unknown - will be ignored
2016-10-09 16:39:28,600 [main] INFO  ObjectStore - Setting MetaStore object pin classes with hive.metastore.cache.pinobjtypes="Table,StorageDescriptor,SerDeInfo,Partition,Database,Type,FieldSchema,Order"
2016-10-09 16:39:29,395 [main] INFO  Datastore - The class "org.apache.hadoop.hive.metastore.model.MFieldSchema" is tagged as "embedded-only" so does not have its own datastore table.
2016-10-09 16:39:29,396 [main] INFO  Datastore - The class "org.apache.hadoop.hive.metastore.model.MOrder" is tagged as "embedded-only" so does not have its own datastore table.
2016-10-09 16:39:29,680 [main] INFO  Datastore - The class "org.apache.hadoop.hive.metastore.model.MFieldSchema" is tagged as "embedded-only" so does not have its own datastore table.
2016-10-09 16:39:29,681 [main] INFO  Datastore - The class "org.apache.hadoop.hive.metastore.model.MOrder" is tagged as "embedded-only" so does not have its own datastore table.
2016-10-09 16:39:29,798 [main] INFO  Query - Reading in results for query "org.datanucleus.store.rdbms.query.SQLQuery@0" since the connection used is closing
2016-10-09 16:39:29,800 [main] INFO  MetaStoreDirectSql - Using direct SQL, underlying DB is DERBY
2016-10-09 16:39:29,802 [main] INFO  ObjectStore - Initialized ObjectStore
2016-10-09 16:39:30,083 [main] INFO  HiveMetaStore - Added admin role in metastore
2016-10-09 16:39:30,085 [main] INFO  HiveMetaStore - Added public role in metastore
2016-10-09 16:39:30,155 [main] INFO  HiveMetaStore - No user is added in admin role, since config is empty
2016-10-09 16:39:30,246 [main] INFO  HiveMetaStore - 0: get_all_databases
2016-10-09 16:39:30,247 [main] INFO  audit - ugi=ubuntu	ip=unknown-ip-addr	cmd=get_all_databases	
2016-10-09 16:39:30,269 [main] INFO  HiveMetaStore - 0: get_functions: db=default pat=*
2016-10-09 16:39:30,270 [main] INFO  audit - ugi=ubuntu	ip=unknown-ip-addr	cmd=get_functions: db=default pat=*	
2016-10-09 16:39:30,271 [main] INFO  Datastore - The class "org.apache.hadoop.hive.metastore.model.MResourceUri" is tagged as "embedded-only" so does not have its own datastore table.
2016-10-09 16:39:30,348 [main] INFO  SessionState - Created local directory: /tmp/0dd0d619-7be5-45c7-aa05-24d9aba17196_resources
2016-10-09 16:39:30,353 [main] INFO  SessionState - Created HDFS directory: /tmp/hive/ubuntu/0dd0d619-7be5-45c7-aa05-24d9aba17196
2016-10-09 16:39:30,357 [main] INFO  SessionState - Created local directory: /tmp/ubuntu/0dd0d619-7be5-45c7-aa05-24d9aba17196
2016-10-09 16:39:30,362 [main] INFO  SessionState - Created HDFS directory: /tmp/hive/ubuntu/0dd0d619-7be5-45c7-aa05-24d9aba17196/_tmp_space.db
2016-10-09 16:39:30,379 [main] INFO  SparkILoop - Created sql context (with Hive support)..
SQL context available as sqlContext.
Loading /home/ubuntu/production/TORONTO_federal_election_candidate_sites_2015.scala...
import org.warcbase.spark.matchbox._
import org.warcbase.spark.rdd.RecordRDD._
import org.warcbase.spark.matchbox.{RemoveHTML, RecordLoader, ExtractBoilerpipeText}
2016-10-09 16:39:34,996 [main] INFO  MemoryStore - Block broadcast_0 stored as values in memory (estimated size 265.6 KB, free 265.6 KB)
2016-10-09 16:39:35,040 [main] INFO  MemoryStore - Block broadcast_0_piece0 stored as bytes in memory (estimated size 19.4 KB, free 285.0 KB)
2016-10-09 16:39:35,043 [dispatcher-event-loop-0] INFO  BlockManagerInfo - Added broadcast_0_piece0 in memory on localhost:40174 (size: 19.4 KB, free: 39.3 GB)
2016-10-09 16:39:35,045 [main] INFO  SparkContext - Created broadcast 0 from newAPIHadoopFile at RecordLoader.scala:42
2016-10-09 16:39:35,706 [main] INFO  FileInputFormat - Total input paths to process : 310
2016-10-09 16:39:35,822 [main] INFO  SparkContext - Starting job: sortBy at RecordRDD.scala:40
2016-10-09 16:39:35,866 [dag-scheduler-event-loop] INFO  DAGScheduler - Registering RDD 5 (map at RecordRDD.scala:38)
2016-10-09 16:39:35,869 [dag-scheduler-event-loop] INFO  DAGScheduler - Got job 0 (sortBy at RecordRDD.scala:40) with 310 output partitions
2016-10-09 16:39:35,869 [dag-scheduler-event-loop] INFO  DAGScheduler - Final stage: ResultStage 1 (sortBy at RecordRDD.scala:40)
2016-10-09 16:39:35,870 [dag-scheduler-event-loop] INFO  DAGScheduler - Parents of final stage: List(ShuffleMapStage 0)
2016-10-09 16:39:35,871 [dag-scheduler-event-loop] INFO  DAGScheduler - Missing parents: List(ShuffleMapStage 0)
2016-10-09 16:39:35,889 [dag-scheduler-event-loop] INFO  DAGScheduler - Submitting ShuffleMapStage 0 (MapPartitionsRDD[5] at map at RecordRDD.scala:38), which has no missing parents
2016-10-09 16:39:35,943 [dag-scheduler-event-loop] INFO  MemoryStore - Block broadcast_1 stored as values in memory (estimated size 4.0 KB, free 288.9 KB)
2016-10-09 16:39:35,947 [dag-scheduler-event-loop] INFO  MemoryStore - Block broadcast_1_piece0 stored as bytes in memory (estimated size 2.2 KB, free 291.1 KB)
2016-10-09 16:39:35,947 [dispatcher-event-loop-1] INFO  BlockManagerInfo - Added broadcast_1_piece0 in memory on localhost:40174 (size: 2.2 KB, free: 39.3 GB)
2016-10-09 16:39:35,949 [dag-scheduler-event-loop] INFO  SparkContext - Created broadcast 1 from broadcast at DAGScheduler.scala:1006
2016-10-09 16:39:35,956 [dag-scheduler-event-loop] INFO  DAGScheduler - Submitting 310 missing tasks from ShuffleMapStage 0 (MapPartitionsRDD[5] at map at RecordRDD.scala:38)
2016-10-09 16:39:35,959 [dag-scheduler-event-loop] INFO  TaskSchedulerImpl - Adding task set 0.0 with 310 tasks
2016-10-09 16:39:36,010 [dispatcher-event-loop-2] INFO  TaskSetManager - Starting task 0.0 in stage 0.0 (TID 0, localhost, partition 0,PROCESS_LOCAL, 2339 bytes)
2016-10-09 16:39:36,015 [dispatcher-event-loop-2] INFO  TaskSetManager - Starting task 1.0 in stage 0.0 (TID 1, localhost, partition 1,PROCESS_LOCAL, 2339 bytes)
2016-10-09 16:39:36,016 [dispatcher-event-loop-2] INFO  TaskSetManager - Starting task 2.0 in stage 0.0 (TID 2, localhost, partition 2,PROCESS_LOCAL, 2339 bytes)
2016-10-09 16:39:36,017 [dispatcher-event-loop-2] INFO  TaskSetManager - Starting task 3.0 in stage 0.0 (TID 3, localhost, partition 3,PROCESS_LOCAL, 2339 bytes)
2016-10-09 16:39:36,019 [dispatcher-event-loop-2] INFO  TaskSetManager - Starting task 4.0 in stage 0.0 (TID 4, localhost, partition 4,PROCESS_LOCAL, 2339 bytes)
2016-10-09 16:39:36,021 [dispatcher-event-loop-2] INFO  TaskSetManager - Starting task 5.0 in stage 0.0 (TID 5, localhost, partition 5,PROCESS_LOCAL, 2343 bytes)
2016-10-09 16:39:36,022 [dispatcher-event-loop-2] INFO  TaskSetManager - Starting task 6.0 in stage 0.0 (TID 6, localhost, partition 6,PROCESS_LOCAL, 2339 bytes)
2016-10-09 16:39:36,022 [dispatcher-event-loop-2] INFO  TaskSetManager - Starting task 7.0 in stage 0.0 (TID 7, localhost, partition 7,PROCESS_LOCAL, 2339 bytes)
2016-10-09 16:39:36,023 [dispatcher-event-loop-2] INFO  TaskSetManager - Starting task 8.0 in stage 0.0 (TID 8, localhost, partition 8,PROCESS_LOCAL, 2339 bytes)
2016-10-09 16:39:36,024 [dispatcher-event-loop-2] INFO  TaskSetManager - Starting task 9.0 in stage 0.0 (TID 9, localhost, partition 9,PROCESS_LOCAL, 2339 bytes)
2016-10-09 16:39:36,024 [dispatcher-event-loop-2] INFO  TaskSetManager - Starting task 10.0 in stage 0.0 (TID 10, localhost, partition 10,PROCESS_LOCAL, 2339 bytes)
2016-10-09 16:39:36,025 [dispatcher-event-loop-2] INFO  TaskSetManager - Starting task 11.0 in stage 0.0 (TID 11, localhost, partition 11,PROCESS_LOCAL, 2339 bytes)
2016-10-09 16:39:36,026 [dispatcher-event-loop-2] INFO  TaskSetManager - Starting task 12.0 in stage 0.0 (TID 12, localhost, partition 12,PROCESS_LOCAL, 2339 bytes)
2016-10-09 16:39:36,026 [dispatcher-event-loop-2] INFO  TaskSetManager - Starting task 13.0 in stage 0.0 (TID 13, localhost, partition 13,PROCESS_LOCAL, 2339 bytes)
2016-10-09 16:39:36,027 [dispatcher-event-loop-2] INFO  TaskSetManager - Starting task 14.0 in stage 0.0 (TID 14, localhost, partition 14,PROCESS_LOCAL, 2343 bytes)
2016-10-09 16:39:36,030 [dispatcher-event-loop-2] INFO  TaskSetManager - Starting task 15.0 in stage 0.0 (TID 15, localhost, partition 15,PROCESS_LOCAL, 2339 bytes)
2016-10-09 16:39:36,037 [Executor task launch worker-4] INFO  Executor - Running task 4.0 in stage 0.0 (TID 4)
2016-10-09 16:39:36,037 [Executor task launch worker-0] INFO  Executor - Running task 0.0 in stage 0.0 (TID 0)
2016-10-09 16:39:36,037 [Executor task launch worker-3] INFO  Executor - Running task 3.0 in stage 0.0 (TID 3)
2016-10-09 16:39:36,037 [Executor task launch worker-1] INFO  Executor - Running task 1.0 in stage 0.0 (TID 1)
2016-10-09 16:39:36,037 [Executor task launch worker-2] INFO  Executor - Running task 2.0 in stage 0.0 (TID 2)
2016-10-09 16:39:36,038 [Executor task launch worker-5] INFO  Executor - Running task 5.0 in stage 0.0 (TID 5)
2016-10-09 16:39:36,039 [Executor task launch worker-6] INFO  Executor - Running task 6.0 in stage 0.0 (TID 6)
2016-10-09 16:39:36,040 [Executor task launch worker-7] INFO  Executor - Running task 7.0 in stage 0.0 (TID 7)
2016-10-09 16:39:36,041 [Executor task launch worker-8] INFO  Executor - Running task 8.0 in stage 0.0 (TID 8)
2016-10-09 16:39:36,042 [Executor task launch worker-9] INFO  Executor - Running task 9.0 in stage 0.0 (TID 9)
2016-10-09 16:39:36,045 [Executor task launch worker-10] INFO  Executor - Running task 10.0 in stage 0.0 (TID 10)
2016-10-09 16:39:36,045 [Executor task launch worker-11] INFO  Executor - Running task 11.0 in stage 0.0 (TID 11)
2016-10-09 16:39:36,049 [Executor task launch worker-12] INFO  Executor - Running task 12.0 in stage 0.0 (TID 12)
2016-10-09 16:39:36,050 [Executor task launch worker-13] INFO  Executor - Running task 13.0 in stage 0.0 (TID 13)
2016-10-09 16:39:36,050 [Executor task launch worker-1] INFO  Executor - Fetching http://192.168.32.16:54290/jars/warcbase-core-0.1.0-SNAPSHOT-fatjar.jar with timestamp 1476031147843
2016-10-09 16:39:36,050 [Executor task launch worker-14] INFO  Executor - Running task 14.0 in stage 0.0 (TID 14)
2016-10-09 16:39:36,053 [Executor task launch worker-15] INFO  Executor - Running task 15.0 in stage 0.0 (TID 15)
2016-10-09 16:39:36,167 [Executor task launch worker-1] INFO  Utils - Fetching http://192.168.32.16:54290/jars/warcbase-core-0.1.0-SNAPSHOT-fatjar.jar to /tmp/spark-b83e7e87-9e01-4b4c-97c5-328861a450aa/userFiles-afac9fea-ce2b-4fcd-bcf5-0e262f35aba3/fetchFileTemp4036434018932229551.tmp
2016-10-09 16:39:37,790 [Executor task launch worker-1] INFO  Executor - Adding file:/tmp/spark-b83e7e87-9e01-4b4c-97c5-328861a450aa/userFiles-afac9fea-ce2b-4fcd-bcf5-0e262f35aba3/warcbase-core-0.1.0-SNAPSHOT-fatjar.jar to class loader
2016-10-09 16:39:37,820 [Executor task launch worker-13] INFO  NewHadoopRDD - Input split: file:/data/TORONTO_federal_election_candidate_sites_2015/ARCHIVEIT-6209-CRAWL_SELECTED_SEEDS-JOB172391-20150916213904660-00026.warc.gz:0+1036530272
2016-10-09 16:39:37,820 [Executor task launch worker-6] INFO  NewHadoopRDD - Input split: file:/data/TORONTO_federal_election_candidate_sites_2015/ARCHIVEIT-6209-CRAWL_SELECTED_SEEDS-JOB177209-20151006202255417-00000.warc.gz:0+5753338
2016-10-09 16:39:37,820 [Executor task launch worker-12] INFO  NewHadoopRDD - Input split: file:/data/TORONTO_federal_election_candidate_sites_2015/ARCHIVEIT-6209-CRAWL_SELECTED_SEEDS-JOB172391-20150917021801729-00044.warc.gz:0+1027745733
2016-10-09 16:39:37,825 [Executor task launch worker-14] INFO  NewHadoopRDD - Input split: file:/data/TORONTO_federal_election_candidate_sites_2015/ARCHIVEIT-6209-MISSING_URLS_PATCH_CRAWL-JOB179479-20151020192410577-00000.warc.gz:0+2263305
2016-10-09 16:39:37,825 [Executor task launch worker-7] INFO  NewHadoopRDD - Input split: file:/data/TORONTO_federal_election_candidate_sites_2015/ARCHIVEIT-6209-CRAWL_SELECTED_SEEDS-JOB179355-20151020011054970-00001.warc.gz:0+1000110777
2016-10-09 16:39:37,825 [Executor task launch worker-0] INFO  NewHadoopRDD - Input split: file:/data/TORONTO_federal_election_candidate_sites_2015/ARCHIVEIT-6209-CRAWL_SELECTED_SEEDS-JOB179355-20151023173107030-00006.warc.gz:0+1000005663
2016-10-09 16:39:37,820 [Executor task launch worker-5] INFO  NewHadoopRDD - Input split: file:/data/TORONTO_federal_election_candidate_sites_2015/ARCHIVEIT-6209-MISSING_URLS_PATCH_CRAWL-JOB179481-20151020192642700-00000.warc.gz:0+5776143
2016-10-09 16:39:37,820 [Executor task launch worker-4] INFO  NewHadoopRDD - Input split: file:/data/TORONTO_federal_election_candidate_sites_2015/ARCHIVEIT-6209-CRAWL_SELECTED_SEEDS-JOB180973-20151029195000293-00002.warc.gz:0+22477664
2016-10-09 16:39:37,825 [Executor task launch worker-9] INFO  NewHadoopRDD - Input split: file:/data/TORONTO_federal_election_candidate_sites_2015/ARCHIVEIT-6209-CRAWL_SELECTED_SEEDS-JOB172391-20150910181032986-00006.warc.gz:0+1138378351
2016-10-09 16:39:37,820 [Executor task launch worker-15] INFO  NewHadoopRDD - Input split: file:/data/TORONTO_federal_election_candidate_sites_2015/ARCHIVEIT-6209-CRAWL_SELECTED_SEEDS-JOB179353-20151026093606037-00007.warc.gz:0+527785526
2016-10-09 16:39:37,820 [Executor task launch worker-2] INFO  NewHadoopRDD - Input split: file:/data/TORONTO_federal_election_candidate_sites_2015/ARCHIVEIT-6209-CRAWL_SELECTED_SEEDS-JOB172391-20150915162423846-00015.warc.gz:0+1000018942
2016-10-09 16:39:37,830 [Executor task launch worker-1] INFO  NewHadoopRDD - Input split: file:/data/TORONTO_federal_election_candidate_sites_2015/ARCHIVEIT-6209-CRAWL_SELECTED_SEEDS-JOB179351-20151020150722701-00007.warc.gz:0+1000134478
2016-10-09 16:39:37,830 [Executor task launch worker-10] INFO  NewHadoopRDD - Input split: file:/data/TORONTO_federal_election_candidate_sites_2015/ARCHIVEIT-6209-CRAWL_SELECTED_SEEDS-JOB179351-20151020011138363-00002.warc.gz:0+1000003851
2016-10-09 16:39:37,834 [Executor task launch worker-11] INFO  NewHadoopRDD - Input split: file:/data/TORONTO_federal_election_candidate_sites_2015/ARCHIVEIT-6209-CRAWL_SELECTED_SEEDS-JOB179351-20151022081620404-00016.warc.gz:0+1000001506
2016-10-09 16:39:37,834 [Executor task launch worker-8] INFO  NewHadoopRDD - Input split: file:/data/TORONTO_federal_election_candidate_sites_2015/ARCHIVEIT-6209-CRAWL_SELECTED_SEEDS-JOB171307-20150902171759659-00000.warc.gz:0+647635
2016-10-09 16:39:37,842 [Executor task launch worker-3] INFO  NewHadoopRDD - Input split: file:/data/TORONTO_federal_election_candidate_sites_2015/ARCHIVEIT-6209-CRAWL_SELECTED_SEEDS-JOB177664-20151010031555851-00001.warc.gz:0+313372383
2016-10-09 16:39:38,659 [Executor task launch worker-8] INFO  Executor - Finished task 8.0 in stage 0.0 (TID 8). 2568 bytes result sent to driver
2016-10-09 16:39:38,674 [dispatcher-event-loop-9] INFO  TaskSetManager - Starting task 16.0 in stage 0.0 (TID 16, localhost, partition 16,PROCESS_LOCAL, 2339 bytes)
2016-10-09 16:39:38,675 [Executor task launch worker-8] INFO  Executor - Running task 16.0 in stage 0.0 (TID 16)
2016-10-09 16:39:38,679 [Executor task launch worker-8] INFO  NewHadoopRDD - Input split: file:/data/TORONTO_federal_election_candidate_sites_2015/ARCHIVEIT-6209-CRAWL_SELECTED_SEEDS-JOB179351-20151021154540835-00013.warc.gz:0+1000004587
2016-10-09 16:39:38,721 [task-result-getter-0] INFO  TaskSetManager - Finished task 8.0 in stage 0.0 (TID 8) in 2695 ms on localhost (1/310)
2016-10-09 16:39:39,619 [Executor task launch worker-14] INFO  Executor - Finished task 14.0 in stage 0.0 (TID 14). 2568 bytes result sent to driver
2016-10-09 16:39:39,621 [dispatcher-event-loop-6] INFO  TaskSetManager - Starting task 17.0 in stage 0.0 (TID 17, localhost, partition 17,PROCESS_LOCAL, 2339 bytes)
2016-10-09 16:39:39,622 [Executor task launch worker-14] INFO  Executor - Running task 17.0 in stage 0.0 (TID 17)
2016-10-09 16:39:39,624 [task-result-getter-1] INFO  TaskSetManager - Finished task 14.0 in stage 0.0 (TID 14) in 3597 ms on localhost (2/310)
2016-10-09 16:39:39,625 [Executor task launch worker-14] INFO  NewHadoopRDD - Input split: file:/data/TORONTO_federal_election_candidate_sites_2015/ARCHIVEIT-6209-CRAWL_SELECTED_SEEDS-JOB179355-20151022164326813-00005.warc.gz:0+1000000938
2016-10-09 16:39:40,353 [Executor task launch worker-5] INFO  Executor - Finished task 5.0 in stage 0.0 (TID 5). 2568 bytes result sent to driver
2016-10-09 16:39:40,357 [dispatcher-event-loop-11] INFO  TaskSetManager - Starting task 18.0 in stage 0.0 (TID 18, localhost, partition 18,PROCESS_LOCAL, 2339 bytes)
2016-10-09 16:39:40,358 [Executor task launch worker-5] INFO  Executor - Running task 18.0 in stage 0.0 (TID 18)
2016-10-09 16:39:40,360 [Executor task launch worker-5] INFO  NewHadoopRDD - Input split: file:/data/TORONTO_federal_election_candidate_sites_2015/ARCHIVEIT-6209-CRAWL_SELECTED_SEEDS-JOB174680-20151003074446105-00004.warc.gz:0+275655350
2016-10-09 16:39:40,362 [task-result-getter-2] INFO  TaskSetManager - Finished task 5.0 in stage 0.0 (TID 5) in 4340 ms on localhost (3/310)
2016-10-09 16:39:41,349 [Executor task launch worker-6] INFO  Executor - Finished task 6.0 in stage 0.0 (TID 6). 2568 bytes result sent to driver
2016-10-09 16:39:41,350 [dispatcher-event-loop-12] INFO  TaskSetManager - Starting task 19.0 in stage 0.0 (TID 19, localhost, partition 19,PROCESS_LOCAL, 2339 bytes)
2016-10-09 16:39:41,351 [Executor task launch worker-6] INFO  Executor - Running task 19.0 in stage 0.0 (TID 19)
2016-10-09 16:39:41,353 [task-result-getter-3] INFO  TaskSetManager - Finished task 6.0 in stage 0.0 (TID 6) in 5332 ms on localhost (4/310)
2016-10-09 16:39:41,354 [Executor task launch worker-6] INFO  NewHadoopRDD - Input split: file:/data/TORONTO_federal_election_candidate_sites_2015/ARCHIVEIT-6209-CRAWL_SELECTED_SEEDS-JOB171381-20150902204432165-00000.warc.gz:0+19648
2016-10-09 16:39:41,425 [Executor task launch worker-6] INFO  Executor - Finished task 19.0 in stage 0.0 (TID 19). 2568 bytes result sent to driver
2016-10-09 16:39:41,429 [dispatcher-event-loop-14] INFO  TaskSetManager - Starting task 20.0 in stage 0.0 (TID 20, localhost, partition 20,PROCESS_LOCAL, 2339 bytes)
2016-10-09 16:39:41,430 [task-result-getter-0] INFO  TaskSetManager - Finished task 19.0 in stage 0.0 (TID 19) in 80 ms on localhost (5/310)
2016-10-09 16:39:41,430 [Executor task launch worker-6] INFO  Executor - Running task 20.0 in stage 0.0 (TID 20)
2016-10-09 16:39:41,433 [Executor task launch worker-6] INFO  NewHadoopRDD - Input split: file:/data/TORONTO_federal_election_candidate_sites_2015/ARCHIVEIT-6209-CRAWL_SELECTED_SEEDS-JOB171742-20150904202904073-00000.warc.gz:0+253945
2016-10-09 16:39:41,589 [Executor task launch worker-6] INFO  Executor - Finished task 20.0 in stage 0.0 (TID 20). 2568 bytes result sent to driver
2016-10-09 16:39:41,590 [dispatcher-event-loop-2] INFO  TaskSetManager - Starting task 21.0 in stage 0.0 (TID 21, localhost, partition 21,PROCESS_LOCAL, 2339 bytes)
2016-10-09 16:39:41,591 [Executor task launch worker-6] INFO  Executor - Running task 21.0 in stage 0.0 (TID 21)
2016-10-09 16:39:41,591 [task-result-getter-1] INFO  TaskSetManager - Finished task 20.0 in stage 0.0 (TID 20) in 165 ms on localhost (6/310)
2016-10-09 16:39:41,597 [Executor task launch worker-6] INFO  NewHadoopRDD - Input split: file:/data/TORONTO_federal_election_candidate_sites_2015/ARCHIVEIT-6209-CRAWL_SELECTED_SEEDS-JOB173603-20150920233346329-00002.warc.gz:0+1075198225
2016-10-09 16:39:44,637 [Executor task launch worker-4] INFO  Executor - Finished task 4.0 in stage 0.0 (TID 4). 2568 bytes result sent to driver
2016-10-09 16:39:44,639 [dispatcher-event-loop-1] INFO  TaskSetManager - Starting task 22.0 in stage 0.0 (TID 22, localhost, partition 22,PROCESS_LOCAL, 2339 bytes)
2016-10-09 16:39:44,639 [Executor task launch worker-4] INFO  Executor - Running task 22.0 in stage 0.0 (TID 22)
2016-10-09 16:39:44,640 [task-result-getter-2] INFO  TaskSetManager - Finished task 4.0 in stage 0.0 (TID 4) in 8623 ms on localhost (7/310)
2016-10-09 16:39:44,642 [Executor task launch worker-4] INFO  NewHadoopRDD - Input split: file:/data/TORONTO_federal_election_candidate_sites_2015/ARCHIVEIT-6209-CRAWL_SELECTED_SEEDS-JOB178293-20151013193631700-00000.warc.gz:0+1000193850
2016-10-09 16:40:44,574 [Executor task launch worker-3] INFO  Executor - Finished task 3.0 in stage 0.0 (TID 3). 2568 bytes result sent to driver
2016-10-09 16:40:44,575 [dispatcher-event-loop-0] INFO  TaskSetManager - Starting task 23.0 in stage 0.0 (TID 23, localhost, partition 23,PROCESS_LOCAL, 2339 bytes)
2016-10-09 16:40:44,575 [Executor task launch worker-3] INFO  Executor - Running task 23.0 in stage 0.0 (TID 23)
2016-10-09 16:40:44,576 [task-result-getter-3] INFO  TaskSetManager - Finished task 3.0 in stage 0.0 (TID 3) in 68559 ms on localhost (8/310)
2016-10-09 16:40:44,581 [Executor task launch worker-3] INFO  NewHadoopRDD - Input split: file:/data/TORONTO_federal_election_candidate_sites_2015/ARCHIVEIT-6209-CRAWL_SELECTED_SEEDS-JOB180973-20151029185242191-00000.warc.gz:0+1190730870
2016-10-09 16:40:44,713 [Executor task launch worker-5] INFO  Executor - Finished task 18.0 in stage 0.0 (TID 18). 2568 bytes result sent to driver
2016-10-09 16:40:44,715 [dispatcher-event-loop-5] INFO  TaskSetManager - Starting task 24.0 in stage 0.0 (TID 24, localhost, partition 24,PROCESS_LOCAL, 2339 bytes)
2016-10-09 16:40:44,715 [Executor task launch worker-5] INFO  Executor - Running task 24.0 in stage 0.0 (TID 24)
2016-10-09 16:40:44,715 [task-result-getter-0] INFO  TaskSetManager - Finished task 18.0 in stage 0.0 (TID 18) in 64358 ms on localhost (9/310)
2016-10-09 16:40:44,716 [Executor task launch worker-5] INFO  NewHadoopRDD - Input split: file:/data/TORONTO_federal_election_candidate_sites_2015/ARCHIVEIT-6209-CRAWL_SELECTED_SEEDS-JOB178293-20151014113305964-00003.warc.gz:0+1000004986
2016-10-09 16:40:57,999 [Executor task launch worker-15] INFO  Executor - Finished task 15.0 in stage 0.0 (TID 15). 2568 bytes result sent to driver
2016-10-09 16:40:58,001 [dispatcher-event-loop-8] INFO  TaskSetManager - Starting task 25.0 in stage 0.0 (TID 25, localhost, partition 25,PROCESS_LOCAL, 2339 bytes)
2016-10-09 16:40:58,001 [Executor task launch worker-15] INFO  Executor - Running task 25.0 in stage 0.0 (TID 25)
2016-10-09 16:40:58,001 [task-result-getter-1] INFO  TaskSetManager - Finished task 15.0 in stage 0.0 (TID 15) in 81974 ms on localhost (10/310)
2016-10-09 16:40:58,004 [Executor task launch worker-15] INFO  NewHadoopRDD - Input split: file:/data/TORONTO_federal_election_candidate_sites_2015/ARCHIVEIT-6209-CRAWL_SELECTED_SEEDS-JOB172391-20150911001900252-00011.warc.gz:0+1000000499
2016-10-09 16:42:34,943 [Executor task launch worker-0] INFO  Executor - Finished task 0.0 in stage 0.0 (TID 0). 2568 bytes result sent to driver
2016-10-09 16:42:34,944 [dispatcher-event-loop-15] INFO  TaskSetManager - Starting task 26.0 in stage 0.0 (TID 26, localhost, partition 26,PROCESS_LOCAL, 2339 bytes)
2016-10-09 16:42:34,945 [Executor task launch worker-0] INFO  Executor - Running task 26.0 in stage 0.0 (TID 26)
2016-10-09 16:42:34,945 [task-result-getter-2] INFO  TaskSetManager - Finished task 0.0 in stage 0.0 (TID 0) in 178956 ms on localhost (11/310)
2016-10-09 16:42:34,947 [Executor task launch worker-0] INFO  NewHadoopRDD - Input split: file:/data/TORONTO_federal_election_candidate_sites_2015/ARCHIVEIT-6209-CRAWL_SELECTED_SEEDS-JOB180504-20151027152425444-00000.warc.gz:0+550095610
2016-10-09 16:42:42,875 [Executor task launch worker-14] INFO  Executor - Finished task 17.0 in stage 0.0 (TID 17). 2568 bytes result sent to driver
2016-10-09 16:42:42,877 [dispatcher-event-loop-5] INFO  TaskSetManager - Starting task 27.0 in stage 0.0 (TID 27, localhost, partition 27,PROCESS_LOCAL, 2339 bytes)
2016-10-09 16:42:42,877 [Executor task launch worker-14] INFO  Executor - Running task 27.0 in stage 0.0 (TID 27)
2016-10-09 16:42:42,878 [task-result-getter-3] INFO  TaskSetManager - Finished task 17.0 in stage 0.0 (TID 17) in 183257 ms on localhost (12/310)
2016-10-09 16:42:42,880 [Executor task launch worker-14] INFO  NewHadoopRDD - Input split: file:/data/TORONTO_federal_election_candidate_sites_2015/ARCHIVEIT-6209-CRAWL_SELECTED_SEEDS-JOB175395-20151004225651894-00020.warc.gz:0+609378944
2016-10-09 16:44:24,369 [Executor task launch worker-11] INFO  Executor - Finished task 11.0 in stage 0.0 (TID 11). 2568 bytes result sent to driver
2016-10-09 16:44:24,370 [dispatcher-event-loop-13] INFO  TaskSetManager - Starting task 28.0 in stage 0.0 (TID 28, localhost, partition 28,PROCESS_LOCAL, 2339 bytes)
2016-10-09 16:44:24,370 [Executor task launch worker-11] INFO  Executor - Running task 28.0 in stage 0.0 (TID 28)
2016-10-09 16:44:24,371 [task-result-getter-0] INFO  TaskSetManager - Finished task 11.0 in stage 0.0 (TID 11) in 288345 ms on localhost (13/310)
2016-10-09 16:44:24,372 [Executor task launch worker-11] INFO  NewHadoopRDD - Input split: file:/data/TORONTO_federal_election_candidate_sites_2015/ARCHIVEIT-6209-CRAWL_SELECTED_SEEDS-JOB179351-20151022170924443-00018.warc.gz:0+1000016045
2016-10-09 16:44:27,245 [Executor task launch worker-8] INFO  Executor - Finished task 16.0 in stage 0.0 (TID 16). 2568 bytes result sent to driver
2016-10-09 16:44:27,245 [dispatcher-event-loop-10] INFO  TaskSetManager - Starting task 29.0 in stage 0.0 (TID 29, localhost, partition 29,PROCESS_LOCAL, 2339 bytes)
2016-10-09 16:44:27,246 [Executor task launch worker-8] INFO  Executor - Running task 29.0 in stage 0.0 (TID 29)
2016-10-09 16:44:27,246 [task-result-getter-1] INFO  TaskSetManager - Finished task 16.0 in stage 0.0 (TID 16) in 288577 ms on localhost (14/310)
2016-10-09 16:44:27,247 [Executor task launch worker-8] INFO  NewHadoopRDD - Input split: file:/data/TORONTO_federal_election_candidate_sites_2015/ARCHIVEIT-6209-CRAWL_SELECTED_SEEDS-JOB179351-20151023065710640-00021.warc.gz:0+1000007269
2016-10-09 16:44:40,818 [Executor task launch worker-1] INFO  Executor - Finished task 1.0 in stage 0.0 (TID 1). 2568 bytes result sent to driver
2016-10-09 16:44:40,819 [dispatcher-event-loop-0] INFO  TaskSetManager - Starting task 30.0 in stage 0.0 (TID 30, localhost, partition 30,PROCESS_LOCAL, 2339 bytes)
2016-10-09 16:44:40,819 [Executor task launch worker-1] INFO  Executor - Running task 30.0 in stage 0.0 (TID 30)
2016-10-09 16:44:40,819 [task-result-getter-2] INFO  TaskSetManager - Finished task 1.0 in stage 0.0 (TID 1) in 304804 ms on localhost (15/310)
2016-10-09 16:44:40,820 [Executor task launch worker-1] INFO  NewHadoopRDD - Input split: file:/data/TORONTO_federal_election_candidate_sites_2015/ARCHIVEIT-6209-CRAWL_SELECTED_SEEDS-JOB172391-20150910164628128-00002.warc.gz:0+1122651634
2016-10-09 16:45:10,291 [Executor task launch worker-10] INFO  Executor - Finished task 10.0 in stage 0.0 (TID 10). 2568 bytes result sent to driver
2016-10-09 16:45:10,292 [dispatcher-event-loop-12] INFO  TaskSetManager - Starting task 31.0 in stage 0.0 (TID 31, localhost, partition 31,PROCESS_LOCAL, 2339 bytes)
2016-10-09 16:45:10,293 [Executor task launch worker-10] INFO  Executor - Running task 31.0 in stage 0.0 (TID 31)
2016-10-09 16:45:10,294 [task-result-getter-3] INFO  TaskSetManager - Finished task 10.0 in stage 0.0 (TID 10) in 334270 ms on localhost (16/310)
2016-10-09 16:45:10,294 [Executor task launch worker-10] INFO  NewHadoopRDD - Input split: file:/data/TORONTO_federal_election_candidate_sites_2015/ARCHIVEIT-6209-CRAWL_SELECTED_SEEDS-JOB179351-20151020045803054-00004.warc.gz:0+1000005082
2016-10-09 16:45:36,113 [Executor task launch worker-0] INFO  Executor - Finished task 26.0 in stage 0.0 (TID 26). 2568 bytes result sent to driver
2016-10-09 16:45:36,114 [dispatcher-event-loop-1] INFO  TaskSetManager - Starting task 32.0 in stage 0.0 (TID 32, localhost, partition 32,PROCESS_LOCAL, 2339 bytes)
2016-10-09 16:45:36,114 [Executor task launch worker-0] INFO  Executor - Running task 32.0 in stage 0.0 (TID 32)
2016-10-09 16:45:36,115 [task-result-getter-0] INFO  TaskSetManager - Finished task 26.0 in stage 0.0 (TID 26) in 181171 ms on localhost (17/310)
2016-10-09 16:45:36,116 [Executor task launch worker-0] INFO  NewHadoopRDD - Input split: file:/data/TORONTO_federal_election_candidate_sites_2015/ARCHIVEIT-6209-CRAWL_SELECTED_SEEDS-JOB172391-20150917035316763-00053.warc.gz:0+1568401542
2016-10-09 16:45:56,664 [Executor task launch worker-7] INFO  Executor - Finished task 7.0 in stage 0.0 (TID 7). 2568 bytes result sent to driver
2016-10-09 16:45:56,665 [dispatcher-event-loop-11] INFO  TaskSetManager - Starting task 33.0 in stage 0.0 (TID 33, localhost, partition 33,PROCESS_LOCAL, 2339 bytes)
2016-10-09 16:45:56,666 [Executor task launch worker-7] INFO  Executor - Running task 33.0 in stage 0.0 (TID 33)
2016-10-09 16:45:56,666 [task-result-getter-1] INFO  TaskSetManager - Finished task 7.0 in stage 0.0 (TID 7) in 380644 ms on localhost (18/310)
2016-10-09 16:45:56,667 [Executor task launch worker-7] INFO  NewHadoopRDD - Input split: file:/data/TORONTO_federal_election_candidate_sites_2015/ARCHIVEIT-6209-CRAWL_SELECTED_SEEDS-JOB177122-20151006160455764-00000.warc.gz:0+1002478286
2016-10-09 16:46:20,983 [Executor task launch worker-4] INFO  Executor - Finished task 22.0 in stage 0.0 (TID 22). 2568 bytes result sent to driver
2016-10-09 16:46:20,984 [dispatcher-event-loop-15] INFO  TaskSetManager - Starting task 34.0 in stage 0.0 (TID 34, localhost, partition 34,PROCESS_LOCAL, 2339 bytes)
2016-10-09 16:46:20,984 [Executor task launch worker-4] INFO  Executor - Running task 34.0 in stage 0.0 (TID 34)
2016-10-09 16:46:20,985 [task-result-getter-2] INFO  TaskSetManager - Finished task 22.0 in stage 0.0 (TID 22) in 396347 ms on localhost (19/310)
2016-10-09 16:46:20,987 [Executor task launch worker-4] INFO  NewHadoopRDD - Input split: file:/data/TORONTO_federal_election_candidate_sites_2015/ARCHIVEIT-6209-CRAWL_SELECTED_SEEDS-JOB175079-20150929180352243-00000.warc.gz:0+7879305
2016-10-09 16:46:22,472 [Executor task launch worker-6] INFO  Executor - Finished task 21.0 in stage 0.0 (TID 21). 2568 bytes result sent to driver
2016-10-09 16:46:22,473 [dispatcher-event-loop-5] INFO  TaskSetManager - Starting task 35.0 in stage 0.0 (TID 35, localhost, partition 35,PROCESS_LOCAL, 2339 bytes)
2016-10-09 16:46:22,473 [Executor task launch worker-6] INFO  Executor - Running task 35.0 in stage 0.0 (TID 35)
2016-10-09 16:46:22,473 [task-result-getter-3] INFO  TaskSetManager - Finished task 21.0 in stage 0.0 (TID 21) in 400883 ms on localhost (20/310)
2016-10-09 16:46:22,475 [Executor task launch worker-6] INFO  NewHadoopRDD - Input split: file:/data/TORONTO_federal_election_candidate_sites_2015/ARCHIVEIT-6209-CRAWL_SELECTED_SEEDS-JOB171189-20150901200954522-00000.warc.gz:0+17191241
2016-10-09 16:46:23,196 [Executor task launch worker-4] INFO  Executor - Finished task 34.0 in stage 0.0 (TID 34). 2568 bytes result sent to driver
2016-10-09 16:46:23,198 [dispatcher-event-loop-4] INFO  TaskSetManager - Starting task 36.0 in stage 0.0 (TID 36, localhost, partition 36,PROCESS_LOCAL, 2339 bytes)
2016-10-09 16:46:23,199 [Executor task launch worker-4] INFO  Executor - Running task 36.0 in stage 0.0 (TID 36)
2016-10-09 16:46:23,199 [task-result-getter-0] INFO  TaskSetManager - Finished task 34.0 in stage 0.0 (TID 34) in 2215 ms on localhost (21/310)
2016-10-09 16:46:23,200 [Executor task launch worker-4] INFO  NewHadoopRDD - Input split: file:/data/TORONTO_federal_election_candidate_sites_2015/ARCHIVEIT-6209-CRAWL_SELECTED_SEEDS-JOB172391-20150916221515172-00027.warc.gz:0+1008115537
2016-10-09 16:46:27,439 [Executor task launch worker-6] INFO  Executor - Finished task 35.0 in stage 0.0 (TID 35). 2568 bytes result sent to driver
2016-10-09 16:46:27,440 [dispatcher-event-loop-8] INFO  TaskSetManager - Starting task 37.0 in stage 0.0 (TID 37, localhost, partition 37,PROCESS_LOCAL, 2339 bytes)
2016-10-09 16:46:27,440 [Executor task launch worker-6] INFO  Executor - Running task 37.0 in stage 0.0 (TID 37)
2016-10-09 16:46:27,441 [task-result-getter-1] INFO  TaskSetManager - Finished task 35.0 in stage 0.0 (TID 35) in 4969 ms on localhost (22/310)
2016-10-09 16:46:27,442 [Executor task launch worker-6] INFO  NewHadoopRDD - Input split: file:/data/TORONTO_federal_election_candidate_sites_2015/ARCHIVEIT-6209-CRAWL_SELECTED_SEEDS-JOB179351-20151024192110546-00028.warc.gz:0+1000005909
2016-10-09 16:46:31,789 [Executor task launch worker-14] INFO  Executor - Finished task 27.0 in stage 0.0 (TID 27). 2568 bytes result sent to driver
2016-10-09 16:46:31,790 [dispatcher-event-loop-13] INFO  TaskSetManager - Starting task 38.0 in stage 0.0 (TID 38, localhost, partition 38,PROCESS_LOCAL, 2339 bytes)
2016-10-09 16:46:31,790 [Executor task launch worker-14] INFO  Executor - Running task 38.0 in stage 0.0 (TID 38)
2016-10-09 16:46:31,790 [task-result-getter-2] INFO  TaskSetManager - Finished task 27.0 in stage 0.0 (TID 27) in 228914 ms on localhost (23/310)
2016-10-09 16:46:31,792 [Executor task launch worker-14] INFO  NewHadoopRDD - Input split: file:/data/TORONTO_federal_election_candidate_sites_2015/ARCHIVEIT-6209-CRAWL_SELECTED_SEEDS-JOB178293-20151014060717223-00002.warc.gz:0+1000045731
2016-10-09 16:47:11,608 [Executor task launch worker-2] INFO  Executor - Finished task 2.0 in stage 0.0 (TID 2). 2568 bytes result sent to driver
2016-10-09 16:47:11,609 [dispatcher-event-loop-6] INFO  TaskSetManager - Starting task 39.0 in stage 0.0 (TID 39, localhost, partition 39,PROCESS_LOCAL, 2339 bytes)
2016-10-09 16:47:11,609 [Executor task launch worker-2] INFO  Executor - Running task 39.0 in stage 0.0 (TID 39)
2016-10-09 16:47:11,610 [task-result-getter-3] INFO  TaskSetManager - Finished task 2.0 in stage 0.0 (TID 2) in 455595 ms on localhost (24/310)
2016-10-09 16:47:11,611 [Executor task launch worker-2] INFO  NewHadoopRDD - Input split: file:/data/TORONTO_federal_election_candidate_sites_2015/ARCHIVEIT-6209-CRAWL_SELECTED_SEEDS-JOB177550-20151008202358836-00001.warc.gz:0+300844062
2016-10-09 16:47:23,078 [Executor task launch worker-12] INFO  Executor - Finished task 12.0 in stage 0.0 (TID 12). 2568 bytes result sent to driver
2016-10-09 16:47:23,079 [dispatcher-event-loop-12] INFO  TaskSetManager - Starting task 40.0 in stage 0.0 (TID 40, localhost, partition 40,PROCESS_LOCAL, 2339 bytes)
2016-10-09 16:47:23,079 [Executor task launch worker-12] INFO  Executor - Running task 40.0 in stage 0.0 (TID 40)
2016-10-09 16:47:23,079 [task-result-getter-0] INFO  TaskSetManager - Finished task 12.0 in stage 0.0 (TID 12) in 467054 ms on localhost (25/310)
2016-10-09 16:47:23,081 [Executor task launch worker-12] INFO  NewHadoopRDD - Input split: file:/data/TORONTO_federal_election_candidate_sites_2015/ARCHIVEIT-6209-CRAWL_SELECTED_SEEDS-JOB175395-20151001140839793-00001.warc.gz:0+1000594427
2016-10-09 16:47:47,481 [Executor task launch worker-13] INFO  Executor - Finished task 13.0 in stage 0.0 (TID 13). 2568 bytes result sent to driver
2016-10-09 16:47:47,482 [dispatcher-event-loop-2] INFO  TaskSetManager - Starting task 41.0 in stage 0.0 (TID 41, localhost, partition 41,PROCESS_LOCAL, 2339 bytes)
2016-10-09 16:47:47,483 [Executor task launch worker-13] INFO  Executor - Running task 41.0 in stage 0.0 (TID 41)
2016-10-09 16:47:47,483 [task-result-getter-1] INFO  TaskSetManager - Finished task 13.0 in stage 0.0 (TID 13) in 491457 ms on localhost (26/310)
2016-10-09 16:47:47,485 [Executor task launch worker-13] INFO  NewHadoopRDD - Input split: file:/data/TORONTO_federal_election_candidate_sites_2015/ARCHIVEIT-6209-CRAWL_SELECTED_SEEDS-JOB179060-20151017195630201-00000.warc.gz:0+622737
2016-10-09 16:47:47,851 [Executor task launch worker-13] INFO  Executor - Finished task 41.0 in stage 0.0 (TID 41). 2568 bytes result sent to driver
2016-10-09 16:47:47,853 [dispatcher-event-loop-1] INFO  TaskSetManager - Starting task 42.0 in stage 0.0 (TID 42, localhost, partition 42,PROCESS_LOCAL, 2339 bytes)
2016-10-09 16:47:47,853 [Executor task launch worker-13] INFO  Executor - Running task 42.0 in stage 0.0 (TID 42)
2016-10-09 16:47:47,853 [task-result-getter-2] INFO  TaskSetManager - Finished task 41.0 in stage 0.0 (TID 41) in 371 ms on localhost (27/310)
2016-10-09 16:47:47,855 [Executor task launch worker-13] INFO  NewHadoopRDD - Input split: file:/data/TORONTO_federal_election_candidate_sites_2015/ARCHIVEIT-6209-CRAWL_SELECTED_SEEDS-JOB178871-20151016224103303-00001.warc.gz:0+749849263
2016-10-09 16:47:49,198 [Executor task launch worker-5] INFO  Executor - Finished task 24.0 in stage 0.0 (TID 24). 2568 bytes result sent to driver
2016-10-09 16:47:49,199 [dispatcher-event-loop-9] INFO  TaskSetManager - Starting task 43.0 in stage 0.0 (TID 43, localhost, partition 43,PROCESS_LOCAL, 2339 bytes)
2016-10-09 16:47:49,199 [Executor task launch worker-5] INFO  Executor - Running task 43.0 in stage 0.0 (TID 43)
2016-10-09 16:47:49,199 [task-result-getter-3] INFO  TaskSetManager - Finished task 24.0 in stage 0.0 (TID 24) in 424485 ms on localhost (28/310)
2016-10-09 16:47:49,201 [Executor task launch worker-5] INFO  NewHadoopRDD - Input split: file:/data/TORONTO_federal_election_candidate_sites_2015/ARCHIVEIT-6209-CRAWL_SELECTED_SEEDS-JOB179353-20151024004242379-00005.warc.gz:0+1000010077
2016-10-09 16:48:21,483 [Executor task launch worker-15] INFO  Executor - Finished task 25.0 in stage 0.0 (TID 25). 2568 bytes result sent to driver
2016-10-09 16:48:21,484 [dispatcher-event-loop-15] INFO  TaskSetManager - Starting task 44.0 in stage 0.0 (TID 44, localhost, partition 44,PROCESS_LOCAL, 2339 bytes)
2016-10-09 16:48:21,484 [task-result-getter-0] INFO  TaskSetManager - Finished task 25.0 in stage 0.0 (TID 25) in 443484 ms on localhost (29/310)
2016-10-09 16:48:21,485 [Executor task launch worker-16] INFO  Executor - Running task 44.0 in stage 0.0 (TID 44)
2016-10-09 16:48:21,486 [Executor task launch worker-16] INFO  NewHadoopRDD - Input split: file:/data/TORONTO_federal_election_candidate_sites_2015/ARCHIVEIT-6209-CRAWL_SELECTED_SEEDS-JOB174610-20150928031809105-00003.warc.gz:0+1000008749
2016-10-09 16:48:28,995 [Executor task launch worker-2] INFO  Executor - Finished task 39.0 in stage 0.0 (TID 39). 2568 bytes result sent to driver
2016-10-09 16:48:28,996 [dispatcher-event-loop-0] INFO  TaskSetManager - Starting task 45.0 in stage 0.0 (TID 45, localhost, partition 45,PROCESS_LOCAL, 2343 bytes)
2016-10-09 16:48:28,997 [Executor task launch worker-2] INFO  Executor - Running task 45.0 in stage 0.0 (TID 45)
2016-10-09 16:48:28,997 [task-result-getter-1] INFO  TaskSetManager - Finished task 39.0 in stage 0.0 (TID 39) in 77389 ms on localhost (30/310)
2016-10-09 16:48:28,999 [Executor task launch worker-2] INFO  NewHadoopRDD - Input split: file:/data/TORONTO_federal_election_candidate_sites_2015/ARCHIVEIT-6209-MISSING_URLS_PATCH_CRAWL-JOB177700-20151009154820259-00000.warc.gz:0+5554310
2016-10-09 16:48:32,478 [Executor task launch worker-2] INFO  Executor - Finished task 45.0 in stage 0.0 (TID 45). 2568 bytes result sent to driver
2016-10-09 16:48:32,479 [dispatcher-event-loop-4] INFO  TaskSetManager - Starting task 46.0 in stage 0.0 (TID 46, localhost, partition 46,PROCESS_LOCAL, 2339 bytes)
2016-10-09 16:48:32,479 [Executor task launch worker-2] INFO  Executor - Running task 46.0 in stage 0.0 (TID 46)
2016-10-09 16:48:32,480 [task-result-getter-2] INFO  TaskSetManager - Finished task 45.0 in stage 0.0 (TID 45) in 3483 ms on localhost (31/310)
2016-10-09 16:48:32,481 [Executor task launch worker-2] INFO  NewHadoopRDD - Input split: file:/data/TORONTO_federal_election_candidate_sites_2015/ARCHIVEIT-6209-CRAWL_SELECTED_SEEDS-JOB179351-20151025100227290-00031.warc.gz:0+1000002998
2016-10-09 16:48:44,859 [Executor task launch worker-9] INFO  Executor - Finished task 9.0 in stage 0.0 (TID 9). 2568 bytes result sent to driver
2016-10-09 16:48:44,860 [dispatcher-event-loop-7] INFO  TaskSetManager - Starting task 47.0 in stage 0.0 (TID 47, localhost, partition 47,PROCESS_LOCAL, 2339 bytes)
2016-10-09 16:48:44,860 [Executor task launch worker-9] INFO  Executor - Running task 47.0 in stage 0.0 (TID 47)
2016-10-09 16:48:44,860 [task-result-getter-3] INFO  TaskSetManager - Finished task 9.0 in stage 0.0 (TID 9) in 548837 ms on localhost (32/310)
2016-10-09 16:48:44,861 [Executor task launch worker-9] INFO  NewHadoopRDD - Input split: file:/data/TORONTO_federal_election_candidate_sites_2015/ARCHIVEIT-6209-CRAWL_SELECTED_SEEDS-JOB171461-20150903152201113-00000.warc.gz:0+1942396
2016-10-09 16:48:45,876 [Executor task launch worker-9] INFO  Executor - Finished task 47.0 in stage 0.0 (TID 47). 2568 bytes result sent to driver
2016-10-09 16:48:45,877 [dispatcher-event-loop-13] INFO  TaskSetManager - Starting task 48.0 in stage 0.0 (TID 48, localhost, partition 48,PROCESS_LOCAL, 2339 bytes)
2016-10-09 16:48:45,877 [task-result-getter-0] INFO  TaskSetManager - Finished task 47.0 in stage 0.0 (TID 47) in 1017 ms on localhost (33/310)
2016-10-09 16:48:45,877 [Executor task launch worker-9] INFO  Executor - Running task 48.0 in stage 0.0 (TID 48)
2016-10-09 16:48:45,883 [Executor task launch worker-9] INFO  NewHadoopRDD - Input split: file:/data/TORONTO_federal_election_candidate_sites_2015/ARCHIVEIT-6209-CRAWL_SELECTED_SEEDS-JOB175395-20151001160257808-00007.warc.gz:0+1000001156
2016-10-09 16:49:19,005 [Executor task launch worker-8] INFO  Executor - Finished task 29.0 in stage 0.0 (TID 29). 2568 bytes result sent to driver
2016-10-09 16:49:19,006 [dispatcher-event-loop-9] INFO  TaskSetManager - Starting task 49.0 in stage 0.0 (TID 49, localhost, partition 49,PROCESS_LOCAL, 2339 bytes)
2016-10-09 16:49:19,006 [Executor task launch worker-8] INFO  Executor - Running task 49.0 in stage 0.0 (TID 49)
2016-10-09 16:49:19,006 [task-result-getter-1] INFO  TaskSetManager - Finished task 29.0 in stage 0.0 (TID 29) in 291761 ms on localhost (34/310)
2016-10-09 16:49:19,007 [Executor task launch worker-8] INFO  NewHadoopRDD - Input split: file:/data/TORONTO_federal_election_candidate_sites_2015/ARCHIVEIT-6209-CRAWL_SELECTED_SEEDS-JOB179351-20151026053529283-00035.warc.gz:0+1000005658
2016-10-09 16:49:31,363 [Executor task launch worker-11] INFO  Executor - Finished task 28.0 in stage 0.0 (TID 28). 2568 bytes result sent to driver
2016-10-09 16:49:31,364 [dispatcher-event-loop-7] INFO  TaskSetManager - Starting task 50.0 in stage 0.0 (TID 50, localhost, partition 50,PROCESS_LOCAL, 2339 bytes)
2016-10-09 16:49:31,364 [Executor task launch worker-11] INFO  Executor - Running task 50.0 in stage 0.0 (TID 50)
2016-10-09 16:49:31,364 [task-result-getter-2] INFO  TaskSetManager - Finished task 28.0 in stage 0.0 (TID 28) in 306995 ms on localhost (35/310)
2016-10-09 16:49:31,368 [Executor task launch worker-11] INFO  NewHadoopRDD - Input split: file:/data/TORONTO_federal_election_candidate_sites_2015/ARCHIVEIT-6209-CRAWL_SELECTED_SEEDS-JOB175395-20151002062718914-00017.warc.gz:0+1000005775
2016-10-09 16:50:04,109 [Executor task launch worker-3] INFO  Executor - Finished task 23.0 in stage 0.0 (TID 23). 2568 bytes result sent to driver
2016-10-09 16:50:04,110 [dispatcher-event-loop-1] INFO  TaskSetManager - Starting task 51.0 in stage 0.0 (TID 51, localhost, partition 51,PROCESS_LOCAL, 2339 bytes)
2016-10-09 16:50:04,110 [task-result-getter-3] INFO  TaskSetManager - Finished task 23.0 in stage 0.0 (TID 23) in 559536 ms on localhost (36/310)
2016-10-09 16:50:04,110 [Executor task launch worker-3] INFO  Executor - Running task 51.0 in stage 0.0 (TID 51)
2016-10-09 16:50:04,111 [Executor task launch worker-3] INFO  NewHadoopRDD - Input split: file:/data/TORONTO_federal_election_candidate_sites_2015/ARCHIVEIT-6209-CRAWL_SELECTED_SEEDS-JOB172095-20150908201947894-00000.warc.gz:0+16826763
2016-10-09 16:50:10,252 [Executor task launch worker-5] INFO  Executor - Finished task 43.0 in stage 0.0 (TID 43). 2568 bytes result sent to driver
2016-10-09 16:50:10,253 [dispatcher-event-loop-4] INFO  TaskSetManager - Starting task 52.0 in stage 0.0 (TID 52, localhost, partition 52,PROCESS_LOCAL, 2343 bytes)
2016-10-09 16:50:10,253 [Executor task launch worker-5] INFO  Executor - Running task 52.0 in stage 0.0 (TID 52)
2016-10-09 16:50:10,253 [task-result-getter-0] INFO  TaskSetManager - Finished task 43.0 in stage 0.0 (TID 43) in 141055 ms on localhost (37/310)
2016-10-09 16:50:10,255 [Executor task launch worker-5] INFO  NewHadoopRDD - Input split: file:/data/TORONTO_federal_election_candidate_sites_2015/ARCHIVEIT-6209-MISSING_URLS_PATCH_CRAWL-JOB177701-20151009154948205-00000.warc.gz:0+505806
2016-10-09 16:50:10,483 [Executor task launch worker-5] INFO  Executor - Finished task 52.0 in stage 0.0 (TID 52). 2568 bytes result sent to driver
2016-10-09 16:50:10,484 [dispatcher-event-loop-8] INFO  TaskSetManager - Starting task 53.0 in stage 0.0 (TID 53, localhost, partition 53,PROCESS_LOCAL, 2339 bytes)
2016-10-09 16:50:10,484 [task-result-getter-1] INFO  TaskSetManager - Finished task 52.0 in stage 0.0 (TID 52) in 232 ms on localhost (38/310)
2016-10-09 16:50:10,484 [Executor task launch worker-5] INFO  Executor - Running task 53.0 in stage 0.0 (TID 53)
2016-10-09 16:50:10,485 [Executor task launch worker-5] INFO  NewHadoopRDD - Input split: file:/data/TORONTO_federal_election_candidate_sites_2015/ARCHIVEIT-6209-CRAWL_SELECTED_SEEDS-JOB179351-20151022213551081-00019.warc.gz:0+1000001899
2016-10-09 16:50:10,878 [Executor task launch worker-3] INFO  Executor - Finished task 51.0 in stage 0.0 (TID 51). 2568 bytes result sent to driver
2016-10-09 16:50:10,879 [dispatcher-event-loop-12] INFO  TaskSetManager - Starting task 54.0 in stage 0.0 (TID 54, localhost, partition 54,PROCESS_LOCAL, 2339 bytes)
2016-10-09 16:50:10,879 [Executor task launch worker-3] INFO  Executor - Running task 54.0 in stage 0.0 (TID 54)
2016-10-09 16:50:10,879 [task-result-getter-2] INFO  TaskSetManager - Finished task 51.0 in stage 0.0 (TID 51) in 6770 ms on localhost (39/310)
2016-10-09 16:50:10,880 [Executor task launch worker-3] INFO  NewHadoopRDD - Input split: file:/data/TORONTO_federal_election_candidate_sites_2015/ARCHIVEIT-6209-CRAWL_SELECTED_SEEDS-JOB172391-20150915200021390-00019.warc.gz:0+602959349
2016-10-09 16:50:57,570 [Executor task launch worker-10] INFO  Executor - Finished task 31.0 in stage 0.0 (TID 31). 2568 bytes result sent to driver
2016-10-09 16:50:57,571 [dispatcher-event-loop-4] INFO  TaskSetManager - Starting task 55.0 in stage 0.0 (TID 55, localhost, partition 55,PROCESS_LOCAL, 2333 bytes)
2016-10-09 16:50:57,571 [Executor task launch worker-10] INFO  Executor - Running task 55.0 in stage 0.0 (TID 55)
2016-10-09 16:50:57,573 [task-result-getter-3] INFO  TaskSetManager - Finished task 31.0 in stage 0.0 (TID 31) in 347281 ms on localhost (40/310)
2016-10-09 16:50:57,573 [Executor task launch worker-10] INFO  NewHadoopRDD - Input split: file:/data/TORONTO_federal_election_candidate_sites_2015/ARCHIVEIT-6209-QA_PATCH_CRAWL-JOB173839-20150921154106182-00000.warc.gz:0+10559
2016-10-09 16:50:57,594 [Executor task launch worker-10] INFO  Executor - Finished task 55.0 in stage 0.0 (TID 55). 2568 bytes result sent to driver
2016-10-09 16:50:57,594 [dispatcher-event-loop-8] INFO  TaskSetManager - Starting task 56.0 in stage 0.0 (TID 56, localhost, partition 56,PROCESS_LOCAL, 2339 bytes)
2016-10-09 16:50:57,595 [Executor task launch worker-10] INFO  Executor - Running task 56.0 in stage 0.0 (TID 56)
2016-10-09 16:50:57,595 [task-result-getter-0] INFO  TaskSetManager - Finished task 55.0 in stage 0.0 (TID 55) in 24 ms on localhost (41/310)
2016-10-09 16:50:57,596 [Executor task launch worker-10] INFO  NewHadoopRDD - Input split: file:/data/TORONTO_federal_election_candidate_sites_2015/ARCHIVEIT-6209-CRAWL_SELECTED_SEEDS-JOB179351-20151021030524163-00010.warc.gz:0+1000002051
2016-10-09 16:51:19,998 [Executor task launch worker-6] INFO  Executor - Finished task 37.0 in stage 0.0 (TID 37). 2568 bytes result sent to driver
2016-10-09 16:51:19,999 [dispatcher-event-loop-14] INFO  TaskSetManager - Starting task 57.0 in stage 0.0 (TID 57, localhost, partition 57,PROCESS_LOCAL, 2339 bytes)
2016-10-09 16:51:19,999 [Executor task launch worker-6] INFO  Executor - Running task 57.0 in stage 0.0 (TID 57)
2016-10-09 16:51:20,000 [task-result-getter-1] INFO  TaskSetManager - Finished task 37.0 in stage 0.0 (TID 37) in 292560 ms on localhost (42/310)
2016-10-09 16:51:20,001 [Executor task launch worker-6] INFO  NewHadoopRDD - Input split: file:/data/TORONTO_federal_election_candidate_sites_2015/ARCHIVEIT-6209-CRAWL_SELECTED_SEEDS-JOB172391-20150917053747112-00065.warc.gz:0+2094941977
2016-10-09 16:51:25,409 [Executor task launch worker-13] INFO  Executor - Finished task 42.0 in stage 0.0 (TID 42). 2568 bytes result sent to driver
2016-10-09 16:51:25,409 [dispatcher-event-loop-1] INFO  TaskSetManager - Starting task 58.0 in stage 0.0 (TID 58, localhost, partition 58,PROCESS_LOCAL, 2339 bytes)
2016-10-09 16:51:25,410 [Executor task launch worker-13] INFO  Executor - Running task 58.0 in stage 0.0 (TID 58)
2016-10-09 16:51:25,410 [task-result-getter-2] INFO  TaskSetManager - Finished task 42.0 in stage 0.0 (TID 42) in 217559 ms on localhost (43/310)
2016-10-09 16:51:25,411 [Executor task launch worker-13] INFO  NewHadoopRDD - Input split: file:/data/TORONTO_federal_election_candidate_sites_2015/ARCHIVEIT-6209-CRAWL_SELECTED_SEEDS-JOB172952-20150915162136599-00000.warc.gz:0+35519
2016-10-09 16:51:25,427 [Executor task launch worker-13] INFO  Executor - Finished task 58.0 in stage 0.0 (TID 58). 2568 bytes result sent to driver
2016-10-09 16:51:25,428 [dispatcher-event-loop-9] INFO  TaskSetManager - Starting task 59.0 in stage 0.0 (TID 59, localhost, partition 59,PROCESS_LOCAL, 2339 bytes)
2016-10-09 16:51:25,428 [Executor task launch worker-13] INFO  Executor - Running task 59.0 in stage 0.0 (TID 59)
2016-10-09 16:51:25,428 [task-result-getter-3] INFO  TaskSetManager - Finished task 58.0 in stage 0.0 (TID 58) in 19 ms on localhost (44/310)
2016-10-09 16:51:25,429 [Executor task launch worker-13] INFO  NewHadoopRDD - Input split: file:/data/TORONTO_federal_election_candidate_sites_2015/ARCHIVEIT-6209-CRAWL_SELECTED_SEEDS-JOB171488-20150903163936979-00000.warc.gz:0+21330906
2016-10-09 16:51:33,728 [Executor task launch worker-13] INFO  Executor - Finished task 59.0 in stage 0.0 (TID 59). 2568 bytes result sent to driver
2016-10-09 16:51:33,729 [dispatcher-event-loop-11] INFO  TaskSetManager - Starting task 60.0 in stage 0.0 (TID 60, localhost, partition 60,PROCESS_LOCAL, 2339 bytes)
2016-10-09 16:51:33,729 [Executor task launch worker-13] INFO  Executor - Running task 60.0 in stage 0.0 (TID 60)
2016-10-09 16:51:33,730 [task-result-getter-0] INFO  TaskSetManager - Finished task 59.0 in stage 0.0 (TID 59) in 8303 ms on localhost (45/310)
2016-10-09 16:51:33,731 [Executor task launch worker-13] INFO  NewHadoopRDD - Input split: file:/data/TORONTO_federal_election_candidate_sites_2015/ARCHIVEIT-6209-CRAWL_SELECTED_SEEDS-JOB175395-20151001142830500-00002.warc.gz:0+1000344140
2016-10-09 16:51:35,005 [Executor task launch worker-16] INFO  Executor - Finished task 44.0 in stage 0.0 (TID 44). 2568 bytes result sent to driver
2016-10-09 16:51:35,005 [dispatcher-event-loop-7] INFO  TaskSetManager - Starting task 61.0 in stage 0.0 (TID 61, localhost, partition 61,PROCESS_LOCAL, 2343 bytes)
2016-10-09 16:51:35,006 [Executor task launch worker-16] INFO  Executor - Running task 61.0 in stage 0.0 (TID 61)
2016-10-09 16:51:35,006 [task-result-getter-1] INFO  TaskSetManager - Finished task 44.0 in stage 0.0 (TID 44) in 193522 ms on localhost (46/310)
2016-10-09 16:51:35,007 [Executor task launch worker-16] INFO  NewHadoopRDD - Input split: file:/data/TORONTO_federal_election_candidate_sites_2015/ARCHIVEIT-6209-MISSING_URLS_PATCH_CRAWL-JOB174899-20150928191536522-00000.warc.gz:0+5778645
2016-10-09 16:51:37,133 [Executor task launch worker-16] INFO  Executor - Finished task 61.0 in stage 0.0 (TID 61). 2568 bytes result sent to driver
2016-10-09 16:51:37,135 [dispatcher-event-loop-3] INFO  TaskSetManager - Starting task 62.0 in stage 0.0 (TID 62, localhost, partition 62,PROCESS_LOCAL, 2339 bytes)
2016-10-09 16:51:37,135 [Executor task launch worker-16] INFO  Executor - Running task 62.0 in stage 0.0 (TID 62)
2016-10-09 16:51:37,135 [task-result-getter-2] INFO  TaskSetManager - Finished task 61.0 in stage 0.0 (TID 61) in 2130 ms on localhost (47/310)
2016-10-09 16:51:37,136 [Executor task launch worker-16] INFO  NewHadoopRDD - Input split: file:/data/TORONTO_federal_election_candidate_sites_2015/ARCHIVEIT-6209-CRAWL_SELECTED_SEEDS-JOB173603-20150918183632445-00000.warc.gz:0+1000045208
